<?xml version="1.0" encoding="UTF-8"?>
<!-- Generated by org.testng.reporters.JUnitXMLReporter -->
<testsuite ignored="0" hostname="DESKTOP-SFQQR9U" failures="2" tests="2" name="Default test" time="23.116" errors="0" timestamp="2024-03-26T22:23:27 IST">
  <testcase classname="io.cucumber.testng.AbstractTestNGCucumberTests" name="runScenario" time="12.056">
    <failure type="java.lang.NullPointerException" message="Cannot invoke &amp;quot;org.openqa.selenium.WebElement.isDisplayed()&amp;quot; because &amp;quot;this.cartIcon&amp;quot; is null">
      <![CDATA[java.lang.NullPointerException: Cannot invoke "org.openqa.selenium.WebElement.isDisplayed()" because "this.cartIcon" is null
at pages.HomePageClass.verifyCart(HomePageClass.java:62)
at amazonStepDefClass.HomePageSteps.cart_icon_should_get_displayed(HomePageSteps.java:36)
at ✽.Cart icon should get displayed(file:///C:/Users/Admin/ATTBatch_24Feb/BDDCucumberBasics/src/test/resources/AppFeature/HomePage.feature:9)
]]>
    </failure>
  </testcase> <!-- runScenario -->
  <testcase classname="io.cucumber.testng.AbstractTestNGCucumberTests" name="runScenario" time="7.344">
    <failure type="java.lang.IllegalArgumentException" message="Element must be set">
      <![CDATA[java.lang.IllegalArgumentException: Element must be set
at org.openqa.selenium.internal.Require.nonNull(Require.java:60)
at org.openqa.selenium.interactions.PointerInput$Origin.fromElement(PointerInput.java:293)
at org.openqa.selenium.interactions.Actions.moveInTicks(Actions.java:351)
at org.openqa.selenium.interactions.Actions.moveToElement(Actions.java:330)
at pages.HomePageClass.gotoSignInPage(HomePageClass.java:69)
at amazonStepDefClass.HomePageSteps.user_click_on_signin_button(HomePageSteps.java:43)
at ✽.user click on signin button(file:///C:/Users/Admin/ATTBatch_24Feb/BDDCucumberBasics/src/test/resources/AppFeature/HomePage.feature:13)
]]>
    </failure>
  </testcase> <!-- runScenario -->
</testsuite> <!-- Default test -->
