<?xml version="1.0" encoding="UTF-8"?>
<testng-results ignored="0" total="2" passed="0" failed="2" skipped="0">
  <reporter-output>
  </reporter-output>
  <suite started-at="2024-03-26T22:23:04 IST" name="Default suite" finished-at="2024-03-26T22:23:27 IST" duration-ms="23116">
    <groups>
      <group name="cucumber">
        <method signature="AbstractTestNGCucumberTests.runScenario(io.cucumber.testng.PickleWrapper,io.cucumber.testng.FeatureWrapper)[pri:0, instance:amazonRunner.AmazonRunnerClass@2f4948e4]" name="runScenario" class="io.cucumber.testng.AbstractTestNGCucumberTests"/>
      </group> <!-- cucumber -->
    </groups>
    <test started-at="2024-03-26T22:23:04 IST" name="Default test" finished-at="2024-03-26T22:23:27 IST" duration-ms="23116">
      <class name="amazonRunner.AmazonRunnerClass">
        <test-method is-config="true" signature="setUpClass(org.testng.ITestContext)[pri:0, instance:amazonRunner.AmazonRunnerClass@2f4948e4]" started-at="2024-03-26T22:23:04 IST" name="setUpClass" finished-at="2024-03-26T22:23:04 IST" duration-ms="680" status="PASS">
          <params>
            <param index="0">
              <value>
                <![CDATA[org.testng.TestRunner@4f281aaf]]>
              </value>
            </param>
          </params>
          <reporter-output>
          </reporter-output>
        </test-method> <!-- setUpClass -->
        <test-method signature="runScenario(io.cucumber.testng.PickleWrapper,io.cucumber.testng.FeatureWrapper)[pri:0, instance:amazonRunner.AmazonRunnerClass@2f4948e4]" started-at="2024-03-26T22:23:04 IST" name="runScenario" description="Runs Cucumber Scenarios" data-provider="scenarios" finished-at="2024-03-26T22:23:16 IST" duration-ms="12056" status="FAIL">
          <params>
            <param index="0">
              <value>
                <![CDATA["Verify the cart icon"]]>
              </value>
            </param>
            <param index="1">
              <value>
                <![CDATA["HomePage Functionality"]]>
              </value>
            </param>
          </params>
          <exception class="java.lang.NullPointerException">
            <message>
              <![CDATA[Cannot invoke "org.openqa.selenium.WebElement.isDisplayed()" because "this.cartIcon" is null]]>
            </message>
            <full-stacktrace>
              <![CDATA[java.lang.NullPointerException: Cannot invoke "org.openqa.selenium.WebElement.isDisplayed()" because "this.cartIcon" is null
at pages.HomePageClass.verifyCart(HomePageClass.java:62)
at amazonStepDefClass.HomePageSteps.cart_icon_should_get_displayed(HomePageSteps.java:36)
at ✽.Cart icon should get displayed(file:///C:/Users/Admin/ATTBatch_24Feb/BDDCucumberBasics/src/test/resources/AppFeature/HomePage.feature:9)
]]>
            </full-stacktrace>
          </exception> <!-- java.lang.NullPointerException -->
          <reporter-output>
          </reporter-output>
        </test-method> <!-- runScenario -->
        <test-method signature="runScenario(io.cucumber.testng.PickleWrapper,io.cucumber.testng.FeatureWrapper)[pri:0, instance:amazonRunner.AmazonRunnerClass@2f4948e4]" started-at="2024-03-26T22:23:16 IST" name="runScenario" description="Runs Cucumber Scenarios" data-provider="scenarios" finished-at="2024-03-26T22:23:24 IST" duration-ms="7344" status="FAIL">
          <params>
            <param index="0">
              <value>
                <![CDATA["Login to app"]]>
              </value>
            </param>
            <param index="1">
              <value>
                <![CDATA["HomePage Functionality"]]>
              </value>
            </param>
          </params>
          <exception class="java.lang.IllegalArgumentException">
            <message>
              <![CDATA[Element must be set]]>
            </message>
            <full-stacktrace>
              <![CDATA[java.lang.IllegalArgumentException: Element must be set
at org.openqa.selenium.internal.Require.nonNull(Require.java:60)
at org.openqa.selenium.interactions.PointerInput$Origin.fromElement(PointerInput.java:293)
at org.openqa.selenium.interactions.Actions.moveInTicks(Actions.java:351)
at org.openqa.selenium.interactions.Actions.moveToElement(Actions.java:330)
at pages.HomePageClass.gotoSignInPage(HomePageClass.java:69)
at amazonStepDefClass.HomePageSteps.user_click_on_signin_button(HomePageSteps.java:43)
at ✽.user click on signin button(file:///C:/Users/Admin/ATTBatch_24Feb/BDDCucumberBasics/src/test/resources/AppFeature/HomePage.feature:13)
]]>
            </full-stacktrace>
          </exception> <!-- java.lang.IllegalArgumentException -->
          <reporter-output>
          </reporter-output>
        </test-method> <!-- runScenario -->
        <test-method is-config="true" signature="tearDownClass()[pri:0, instance:amazonRunner.AmazonRunnerClass@2f4948e4]" started-at="2024-03-26T22:23:24 IST" name="tearDownClass" finished-at="2024-03-26T22:23:27 IST" duration-ms="3000" status="PASS">
          <reporter-output>
          </reporter-output>
        </test-method> <!-- tearDownClass -->
      </class> <!-- amazonRunner.AmazonRunnerClass -->
    </test> <!-- Default test -->
  </suite> <!-- Default suite -->
</testng-results>
