<?xml version="1.0" encoding="UTF-8"?>
<!-- Generated by org.testng.reporters.JUnitReportReporter -->
<testsuite hostname="DESKTOP-SFQQR9U" failures="0" tests="2" name="amazonRunner.AmazonRunnerClass" time="19.400" errors="2" timestamp="2024-03-26T22:23:27 IST" skipped="0">
  <testcase classname="amazonRunner.AmazonRunnerClass" name="runScenario" time="12.056">
    <error message="Cannot invoke &quot;org.openqa.selenium.WebElement.isDisplayed()&quot; because &quot;this.cartIcon&quot; is null" type="java.lang.NullPointerException">
      <![CDATA[java.lang.NullPointerException: Cannot invoke "org.openqa.selenium.WebElement.isDisplayed()" because "this.cartIcon" is null
at pages.HomePageClass.verifyCart(HomePageClass.java:62)
at amazonStepDefClass.HomePageSteps.cart_icon_should_get_displayed(HomePageSteps.java:36)
at ✽.Cart icon should get displayed(file:///C:/Users/Admin/ATTBatch_24Feb/BDDCucumberBasics/src/test/resources/AppFeature/HomePage.feature:9)
]]>
    </error>
  </testcase> <!-- runScenario -->
  <system-out/>
  <testcase classname="amazonRunner.AmazonRunnerClass" name="runScenario" time="7.344">
    <error message="Element must be set" type="java.lang.IllegalArgumentException">
      <![CDATA[java.lang.IllegalArgumentException: Element must be set
at org.openqa.selenium.internal.Require.nonNull(Require.java:60)
at org.openqa.selenium.interactions.PointerInput$Origin.fromElement(PointerInput.java:293)
at org.openqa.selenium.interactions.Actions.moveInTicks(Actions.java:351)
at org.openqa.selenium.interactions.Actions.moveToElement(Actions.java:330)
at pages.HomePageClass.gotoSignInPage(HomePageClass.java:69)
at amazonStepDefClass.HomePageSteps.user_click_on_signin_button(HomePageSteps.java:43)
at ✽.user click on signin button(file:///C:/Users/Admin/ATTBatch_24Feb/BDDCucumberBasics/src/test/resources/AppFeature/HomePage.feature:13)
]]>
    </error>
  </testcase> <!-- runScenario -->
  <system-out/>
</testsuite> <!-- amazonRunner.AmazonRunnerClass -->
